<?xml version="1.0" encoding="UTF-8"?>
<!-- Generated by org.testng.reporters.JUnitXMLReporter -->
<testsuite hostname="Kolhar-NB" tests="23" failures="0" timestamp="21 Feb 2017 18:01:19 GMT" time="334.337" errors="0">
  <testcase name="httpPost" time="16.181" classname="ApiTest"/>
  <testcase name="httpGetSingle" time="1.53" classname="ApiTest"/>
  <testcase name="httpPostUpdate" time="0.059" classname="ApiTest"/>
  <testcase name="httpDeleteNegative" time="0.048" classname="ApiTest"/>
  <testcase name="httpDeleteEmpty" time="0.03" classname="ApiTest"/>
  <testcase name="httpPostNegative" time="0.039" classname="ApiTest"/>
  <testcase name="httpPostNegativeNoMetric" time="0.028" classname="ApiTest"/>
  <testcase name="httpPostUpdateNegative" time="0.036" classname="ApiTest"/>
  <testcase name="httpPostUpdateNegativeNoMetric" time="0.028" classname="ApiTest"/>
  <testcase name="httpGetSingleNegative" time="0.028" classname="ApiTest"/>
  <testcase name="httpGetReadList" time="0.047" classname="ApiTest"/>
  <testcase name="httpGetReadListNegative" time="0.025" classname="ApiTest"/>
  <testcase name="httpDelete" time="0.059" classname="ApiTest"/>
  <testcase name="readRecordWeek" time="14.161" classname="readEventTest"/>
  <testcase name="readRecordMonth" time="8.54" classname="readEventTest"/>
  <testcase name="readRecordQuarter" time="12.96" classname="readEventTest"/>
  <testcase name="readDetailView" time="21.058" classname="readEventTest"/>
  <testcase name="addRecordPositive" time="22.197" classname="readEventTest"/>
  <testcase name="invalidDateNegative" time="22.029" classname="readEventTest"/>
  <testcase name="emptyDetailsNegative" time="21.538" classname="readEventTest"/>
  <testcase name="nonAlphanumericDetailsNegative" time="22.058" classname="readEventTest"/>
  <testcase name="longLengthDetailsNegative" time="36.299" classname="readEventTest"/>
  <testcase name="deleteRecord" time="26.343" classname="readEventTest"/>
</testsuite>
