<?xml version="1.0" encoding="UTF-8"?>
<testsuite xmlns:xsi="http://www.w3.org/2001/XMLSchema-instance" xsi:schemaLocation="https://maven.apache.org/surefire/maven-surefire-plugin/xsd/surefire-test-report.xsd" name="TestSuite" time="338.308" tests="23" errors="0" skipped="0" failures="0">
  <properties>
[...]
</properties>
  <testcase name="httpPost" classname="ApiTest" time="16.182"/>
  <testcase name="httpGetSingle" classname="ApiTest" time="1.528"/>
  <testcase name="httpPostUpdate" classname="ApiTest" time="0.058"/>
  <testcase name="httpDeleteNegative" classname="ApiTest" time="0.056"/>
  <testcase name="httpDeleteEmpty" classname="ApiTest" time="0.025"/>
  <testcase name="httpPostNegative" classname="ApiTest" time="0.038"/>
  <testcase name="httpPostNegativeNoMetric" classname="ApiTest" time="0.029"/>
  <testcase name="httpPostUpdateNegative" classname="ApiTest" time="0.023"/>
  <testcase name="httpPostUpdateNegativeNoMetric" classname="ApiTest" time="0.024"/>
  <testcase name="httpGetSingleNegative" classname="ApiTest" time="0.028"/>
  <testcase name="httpGetReadList" classname="ApiTest" time="0.044"/>
  <testcase name="httpGetReadListNegative" classname="ApiTest" time="0.022"/>
  <testcase name="httpDelete" classname="ApiTest" time="0.059"/>
  <testcase name="readRecordWeek" classname="readEventTest" time="14.162"/>
  <testcase name="readRecordMonth" classname="readEventTest" time="8.539"/>
  <testcase name="readRecordQuarter" classname="readEventTest" time="12.959"/>
  <testcase name="readDetailView" classname="readEventTest" time="21.056"/>
  <testcase name="addRecordPositive" classname="readEventTest" time="22.194"/>
  <testcase name="invalidDateNegative" classname="readEventTest" time="22.028"/>
  <testcase name="emptyDetailsNegative" classname="readEventTest" time="21.538"/>
  <testcase name="nonAlphanumericDetailsNegative" classname="readEventTest" time="22.059"/>
  <testcase name="longLengthDetailsNegative" classname="readEventTest" time="36.299"/>
  <testcase name="deleteRecord" classname="readEventTest" time="26.341"/>
</testsuite>