<?xml version="1.0" encoding="UTF-8"?>
<!-- Generated by org.testng.reporters.JUnitXMLReporter -->
<testsuite hostname="Kolhar-NB" tests="5" failures="0" timestamp="21 Feb 2017 17:44:11 GMT" time="709.344" errors="0">
  <testcase name="validateAdd" time="584.64" classname="eventIT"/>
  <testcase name="validateDelete" time="22.486" classname="eventIT"/>
  <testcase name="validateEventPage" time="2.06" classname="eventIT"/>
  <testcase name="validateUpdate" time="1.298" classname="eventIT"/>
  <testcase name="validateAddMetric" time="45.985" classname="eventIT"/>
</testsuite>
